[2025-06-03 09:16:20] INFO [MainThread] Watching for file changes with StatReloader
[2025-06-03 09:16:44] INFO [Thread-1 (process_request_thread)] "POST / HTTP/1.1" 200 12078
[2025-06-03 09:17:34] INFO [MainThread] C:\backs\others\test_dbs\app1\methods.py changed, reloading.
[2025-06-03 09:17:35] INFO [MainThread] Watching for file changes with StatReloader
[2025-06-03 09:17:42] INFO [MainThread] C:\backs\others\test_dbs\app1\methods.py changed, reloading.
[2025-06-03 09:17:42] INFO [MainThread] Watching for file changes with StatReloader
[2025-06-03 09:17:54] INFO [Thread-1 (process_request_thread)] "POST / HTTP/1.1" 200 12081
[2025-06-03 09:20:58] INFO [MainThread] C:\backs\others\test_dbs\app1\methods.py changed, reloading.
[2025-06-03 09:20:59] INFO [MainThread] Watching for file changes with StatReloader
[2025-06-03 09:21:38] INFO [MainThread] C:\backs\others\test_dbs\app1\database_operations.py changed, reloading.
[2025-06-03 09:21:40] INFO [MainThread] Watching for file changes with StatReloader
[2025-06-03 09:21:51] INFO [Thread-1 (process_request_thread)] "POST / HTTP/1.1" 200 12078
[2025-06-03 09:22:23] INFO [MainThread] C:\backs\others\test_dbs\app1\views.py changed, reloading.
[2025-06-03 09:22:24] INFO [MainThread] Watching for file changes with StatReloader
[2025-06-03 09:26:12] INFO [MainThread] C:\backs\others\test_dbs\app1\methods.py changed, reloading.
[2025-06-03 09:26:13] INFO [MainThread] Watching for file changes with StatReloader
[2025-06-03 09:26:25] WARNING [Thread-1 (process_request_thread)] Method Not Allowed: /
[2025-06-03 09:26:25] WARNING [Thread-1 (process_request_thread)] "GET / HTTP/1.1" 405 10312
[2025-06-03 09:26:33] INFO [Thread-1 (process_request_thread)] "POST / HTTP/1.1" 200 12075
[2025-06-03 09:27:31] INFO [MainThread] C:\backs\others\test_dbs\app1\methods.py changed, reloading.
[2025-06-03 09:27:32] INFO [MainThread] Watching for file changes with StatReloader
[2025-06-03 09:27:41] INFO [MainThread] C:\backs\others\test_dbs\app1\methods.py changed, reloading.
[2025-06-03 09:27:42] INFO [MainThread] Watching for file changes with StatReloader
[2025-06-03 09:27:52] INFO [Thread-1 (process_request_thread)] "POST / HTTP/1.1" 200 12080
[2025-06-03 09:28:26] INFO [MainThread] Watching for file changes with StatReloader
[2025-06-03 09:28:44] INFO [MainThread] C:\backs\others\test_dbs\dbs_test\settings.py changed, reloading.
[2025-06-03 09:28:45] INFO [MainThread] Watching for file changes with StatReloader
[2025-06-03 09:28:45] WARNING [Thread-1 (process_request_thread)] Method Not Allowed: /
[2025-06-03 09:28:45] WARNING [Thread-1 (process_request_thread)] "GET / HTTP/1.1" 405 10312
[2025-06-03 09:28:46] WARNING [Thread-1 (process_request_thread)] Method Not Allowed: /
[2025-06-03 09:28:46] WARNING [Thread-1 (process_request_thread)] "GET / HTTP/1.1" 405 10312
[2025-06-03 09:28:54] INFO [Thread-1 (process_request_thread)] "POST / HTTP/1.1" 200 12081
[2025-06-03 09:59:05] INFO [MainThread] C:\backs\others\test_dbs\app1\methods.py changed, reloading.
[2025-06-03 09:59:08] INFO [MainThread] Watching for file changes with StatReloader
[2025-06-03 09:59:13] INFO [MainThread] C:\backs\others\test_dbs\app1\methods.py changed, reloading.
[2025-06-03 09:59:14] INFO [MainThread] Watching for file changes with StatReloader
[2025-06-03 09:59:41] INFO [MainThread] C:\backs\others\test_dbs\app1\methods.py changed, reloading.
[2025-06-03 09:59:43] INFO [MainThread] Watching for file changes with StatReloader
[2025-06-03 10:01:09] INFO [MainThread] C:\backs\others\test_dbs\app1\views.py changed, reloading.
[2025-06-03 10:01:10] INFO [MainThread] Watching for file changes with StatReloader
[2025-06-03 10:01:23] INFO [MainThread] Watching for file changes with StatReloader
[2025-06-03 10:01:33] WARNING [Thread-1 (process_request_thread)] Method Not Allowed: /
[2025-06-03 10:01:33] WARNING [Thread-1 (process_request_thread)] "GET / HTTP/1.1" 405 10312
[2025-06-03 10:01:41] INFO [Thread-1 (process_request_thread)] "POST / HTTP/1.1" 200 12071
[2025-06-03 10:03:48] INFO [MainThread] C:\backs\others\test_dbs\app1\methods.py changed, reloading.
[2025-06-03 10:03:50] INFO [MainThread] Watching for file changes with StatReloader
[2025-06-03 10:04:02] INFO [Thread-1 (process_request_thread)] "POST / HTTP/1.1" 200 12078
[2025-06-03 10:07:06] INFO [MainThread] C:\backs\others\test_dbs\app1\methods.py changed, reloading.
[2025-06-03 10:07:09] INFO [MainThread] Watching for file changes with StatReloader
[2025-06-03 10:07:10] WARNING [Thread-1 (process_request_thread)] Method Not Allowed: /
[2025-06-03 10:07:10] WARNING [Thread-1 (process_request_thread)] "GET / HTTP/1.1" 405 10312
[2025-06-03 10:07:25] INFO [Thread-1 (process_request_thread)] "POST / HTTP/1.1" 200 14115
[2025-06-03 10:08:41] WARNING [Thread-3 (process_request_thread)] Method Not Allowed: /
[2025-06-03 10:08:41] WARNING [Thread-3 (process_request_thread)] "GET / HTTP/1.1" 405 10312
[2025-06-03 10:09:58] INFO [MainThread] C:\backs\others\test_dbs\app1\views.py changed, reloading.
[2025-06-03 10:10:00] INFO [MainThread] Watching for file changes with StatReloader
[2025-06-03 10:11:35] INFO [MainThread] C:\backs\others\test_dbs\app1\database_operations.py changed, reloading.
[2025-06-03 10:11:37] INFO [MainThread] Watching for file changes with StatReloader
[2025-06-03 10:11:52] INFO [Thread-1 (process_request_thread)] "POST / HTTP/1.1" 200 14119
[2025-06-03 10:13:23] INFO [MainThread] C:\backs\others\test_dbs\app1\database_operations.py changed, reloading.
[2025-06-03 10:13:25] INFO [MainThread] Watching for file changes with StatReloader
[2025-06-03 10:14:14] INFO [Thread-1 (process_request_thread)] "POST / HTTP/1.1" 200 14113
[2025-06-03 10:22:12] INFO [MainThread] C:\backs\others\test_dbs\app1\database_operations.py changed, reloading.
[2025-06-03 10:22:15] INFO [MainThread] Watching for file changes with StatReloader
[2025-06-03 10:23:16] INFO [MainThread] C:\backs\others\test_dbs\app1\methods.py changed, reloading.
[2025-06-03 10:23:17] INFO [MainThread] Watching for file changes with StatReloader
[2025-06-03 10:23:22] WARNING [Thread-1 (process_request_thread)] Method Not Allowed: /
[2025-06-03 10:23:22] WARNING [Thread-1 (process_request_thread)] "GET / HTTP/1.1" 405 10312
[2025-06-03 10:23:33] INFO [Thread-1 (process_request_thread)] "POST / HTTP/1.1" 200 12979
[2025-06-12 11:32:47] INFO [MainThread] Watching for file changes with StatReloader
[2025-06-12 11:40:31] WARNING [Thread-1 (process_request_thread)] Not Found: /user/profile/
[2025-06-12 11:40:31] WARNING [Thread-1 (process_request_thread)] "GET /user/profile/ HTTP/1.1" 404 2636
[2025-06-12 11:40:31] WARNING [Thread-1 (process_request_thread)] Not Found: /favicon.ico
[2025-06-12 11:40:31] WARNING [Thread-1 (process_request_thread)] "GET /favicon.ico HTTP/1.1" 404 2630
[2025-06-12 11:40:37] WARNING [Thread-1 (process_request_thread)] Method Not Allowed: /
[2025-06-12 11:40:37] WARNING [Thread-1 (process_request_thread)] "GET / HTTP/1.1" 405 10312
[2025-06-12 11:41:42] INFO [Thread-2 (process_request_thread)] "POST / HTTP/1.1" 200 12983
[2025-06-12 11:45:45] INFO [MainThread] C:\backs\others\test_dbs\dbs_test\settings.py changed, reloading.
[2025-06-12 11:45:47] INFO [MainThread] Watching for file changes with StatReloader
[2025-06-12 11:46:09] INFO [Thread-1 (process_request_thread)] "POST / HTTP/1.1" 200 12076
[2025-06-12 11:49:40] INFO [MainThread] C:\backs\others\test_dbs\dbs_test\settings.py changed, reloading.
[2025-06-12 11:49:43] INFO [MainThread] Watching for file changes with StatReloader
[2025-06-12 11:50:05] INFO [Thread-1 (process_request_thread)] "POST / HTTP/1.1" 200 12983
[2025-06-12 11:55:33] WARNING [Thread-2 (process_request_thread)] Method Not Allowed: /
[2025-06-12 11:55:33] WARNING [Thread-2 (process_request_thread)] "GET / HTTP/1.1" 405 10312
[2025-06-12 11:55:36] WARNING [Thread-2 (process_request_thread)] Not Found: /test/
[2025-06-12 11:55:36] WARNING [Thread-2 (process_request_thread)] "GET /test/ HTTP/1.1" 404 2612
[2025-06-12 12:09:13] INFO [Thread-3 (process_request_thread)] "POST / HTTP/1.1" 200 12982
[2025-06-12 12:39:37] INFO [MainThread] C:\backs\others\test_dbs\app1\database_operations.py changed, reloading.
[2025-06-12 12:39:39] INFO [MainThread] Watching for file changes with StatReloader
[2025-06-12 12:40:09] INFO [MainThread] C:\backs\others\test_dbs\app1\database_operations.py changed, reloading.
[2025-06-12 15:38:26] INFO [MainThread] Watching for file changes with StatReloader
[2025-06-12 15:41:58] WARNING [Thread-1 (process_request_thread)] Method Not Allowed: /
[2025-06-12 15:41:58] WARNING [Thread-1 (process_request_thread)] "GET / HTTP/1.1" 405 10312
[2025-06-12 15:42:01] ERROR [Thread-2 (process_request_thread)] Internal Server Error: /
Traceback (most recent call last):
  File "C:\Users\skh\Envs\venv\lib\site-packages\django\core\handlers\exception.py", line 55, in inner
    response = get_response(request)
  File "C:\Users\skh\Envs\venv\lib\site-packages\django\core\handlers\base.py", line 197, in _get_response
    response = wrapped_callback(request, *callback_args, **callback_kwargs)
  File "C:\Users\skh\Envs\venv\lib\site-packages\django\views\decorators\csrf.py", line 65, in _view_wrapper
    return view_func(request, *args, **kwargs)
  File "C:\Users\skh\Envs\venv\lib\site-packages\django\views\generic\base.py", line 104, in view
    return self.dispatch(request, *args, **kwargs)
  File "C:\Users\skh\Envs\venv\lib\site-packages\django\utils\decorators.py", line 48, in _wrapper
    return bound_method(*args, **kwargs)
  File "C:\Users\skh\Envs\venv\lib\site-packages\django\views\decorators\csrf.py", line 65, in _view_wrapper
    return view_func(request, *args, **kwargs)
  File "C:\Users\skh\Envs\venv\lib\site-packages\rest_framework\views.py", line 515, in dispatch
    response = self.handle_exception(exc)
  File "C:\Users\skh\Envs\venv\lib\site-packages\rest_framework\views.py", line 475, in handle_exception
    self.raise_uncaught_exception(exc)
  File "C:\Users\skh\Envs\venv\lib\site-packages\rest_framework\views.py", line 486, in raise_uncaught_exception
    raise exc
  File "C:\Users\skh\Envs\venv\lib\site-packages\rest_framework\views.py", line 512, in dispatch
    response = handler(request, *args, **kwargs)
  File "C:\backs\others\test_dbs\app1\views.py", line 88, in post
    benchmark_operations = operation_builder.generate_argument_for_operations(settings.OPERATIONS_COUNT).build_operations()
  File "C:\backs\others\test_dbs\app1\methods.py", line 103, in build_operations
    db_ob = Database(client=es_client)
TypeError: 'str' object is not callable
[2025-06-12 15:42:01] ERROR [Thread-2 (process_request_thread)] "POST / HTTP/1.1" 500 108977
[2025-06-12 15:45:06] INFO [MainThread] C:\backs\others\test_dbs\app1\methods.py changed, reloading.
[2025-06-12 15:45:08] INFO [MainThread] Watching for file changes with StatReloader
[2025-06-12 15:49:35] INFO [MainThread] C:\backs\others\test_dbs\app1\methods.py changed, reloading.
[2025-06-12 15:49:37] INFO [MainThread] Watching for file changes with StatReloader
[2025-06-12 15:51:07] INFO [MainThread] C:\backs\others\test_dbs\app1\methods.py changed, reloading.
[2025-06-12 15:51:08] INFO [MainThread] Watching for file changes with StatReloader
[2025-06-12 15:51:38] INFO [MainThread] C:\backs\others\test_dbs\app1\methods.py changed, reloading.
[2025-06-12 15:51:39] INFO [MainThread] Watching for file changes with StatReloader
[2025-06-12 15:52:14] INFO [MainThread] Watching for file changes with StatReloader
[2025-06-12 15:52:21] WARNING [Thread-1 (process_request_thread)] Method Not Allowed: /
[2025-06-12 15:52:21] WARNING [Thread-1 (process_request_thread)] "GET / HTTP/1.1" 405 10312
[2025-06-12 15:52:32] INFO [Thread-1 (process_request_thread)] "POST / HTTP/1.1" 200 12981
[2025-06-12 15:56:56] INFO [MainThread] C:\backs\others\test_dbs\dbs_test\settings.py changed, reloading.
[2025-06-12 15:56:57] INFO [MainThread] Watching for file changes with StatReloader
[2025-06-12 15:57:11] INFO [Thread-1 (process_request_thread)] "POST / HTTP/1.1" 200 12978
[2025-06-12 15:57:20] INFO [MainThread] C:\backs\others\test_dbs\dbs_test\settings.py changed, reloading.
[2025-06-12 15:57:22] INFO [MainThread] Watching for file changes with StatReloader
[2025-06-12 15:57:36] INFO [Thread-1 (process_request_thread)] "POST / HTTP/1.1" 200 12076
[2025-06-12 15:57:45] INFO [Thread-1 (process_request_thread)] "POST / HTTP/1.1" 200 12078
[2025-06-12 16:03:34] INFO [MainThread] C:\backs\others\test_dbs\dbs_test\settings.py changed, reloading.
[2025-06-12 16:03:36] INFO [MainThread] Watching for file changes with StatReloader
[2025-06-12 16:12:20] INFO [Thread-1 (process_request_thread)] "POST / HTTP/1.1" 200 14220
[2025-06-12 16:16:00] INFO [MainThread] C:\backs\others\test_dbs\app1\database_operations.py changed, reloading.
[2025-06-12 16:16:03] INFO [MainThread] Watching for file changes with StatReloader
[2025-06-12 16:17:38] INFO [Thread-1 (process_request_thread)] "POST / HTTP/1.1" 200 12985
[2025-06-12 16:18:31] INFO [Thread-2 (process_request_thread)] "GET /admin/web/report/ HTTP/1.1" 302 0
[2025-06-12 16:18:31] INFO [Thread-2 (process_request_thread)] "GET /admin/login/?next=/admin/web/report/ HTTP/1.1" 200 4195
[2025-06-12 16:18:31] INFO [Thread-2 (process_request_thread)] "GET /static/admin/css/login.css HTTP/1.1" 200 951
[2025-06-12 16:20:09] INFO [MainThread] C:\backs\others\test_dbs\dbs_test\settings.py changed, reloading.
[2025-06-12 16:20:11] INFO [MainThread] Watching for file changes with StatReloader
[2025-06-12 16:20:23] INFO [Thread-1 (process_request_thread)] "POST / HTTP/1.1" 200 12978
[2025-06-12 16:42:57] INFO [MainThread] C:\backs\others\test_dbs\app1\views.py changed, reloading.
[2025-06-12 16:43:01] INFO [MainThread] Watching for file changes with StatReloader
[2025-06-12 16:43:17] INFO [MainThread] C:\backs\others\test_dbs\app1\views.py changed, reloading.
[2025-06-12 16:43:19] INFO [MainThread] Watching for file changes with StatReloader
[2025-06-12 16:43:42] INFO [MainThread] C:\backs\others\test_dbs\app1\urls.py changed, reloading.
[2025-06-12 16:43:43] INFO [MainThread] Watching for file changes with StatReloader
[2025-06-12 16:45:27] INFO [MainThread] C:\backs\others\test_dbs\app1\views.py changed, reloading.
[2025-06-12 16:45:29] INFO [MainThread] Watching for file changes with StatReloader
[2025-06-12 16:46:41] INFO [MainThread] C:\backs\others\test_dbs\app1\views.py changed, reloading.
[2025-06-12 16:46:42] INFO [MainThread] Watching for file changes with StatReloader
[2025-06-12 16:47:53] INFO [MainThread] C:\backs\others\test_dbs\app1\views.py changed, reloading.
[2025-06-12 16:47:55] INFO [MainThread] Watching for file changes with StatReloader
[2025-06-12 16:48:05] INFO [MainThread] C:\backs\others\test_dbs\app1\views.py changed, reloading.
[2025-06-12 16:48:06] INFO [MainThread] Watching for file changes with StatReloader
[2025-06-12 16:48:57] INFO [MainThread] C:\backs\others\test_dbs\app1\views.py changed, reloading.
[2025-06-12 16:48:59] INFO [MainThread] Watching for file changes with StatReloader
[2025-06-12 16:49:07] ERROR [Thread-1 (process_request_thread)] Internal Server Error: /
Traceback (most recent call last):
  File "C:\Users\skh\Envs\venv\lib\site-packages\django\core\handlers\exception.py", line 55, in inner
    response = get_response(request)
  File "C:\Users\skh\Envs\venv\lib\site-packages\django\core\handlers\base.py", line 197, in _get_response
    response = wrapped_callback(request, *callback_args, **callback_kwargs)
  File "C:\backs\others\test_dbs\app1\views.py", line 137, in benchmark_results_view
    response = BenchmarkAPIView.as_view({'get': 'get'})(get_request)
TypeError: APIView.as_view() takes 1 positional argument but 2 were given
[2025-06-12 16:49:07] ERROR [Thread-1 (process_request_thread)] "GET / HTTP/1.1" 500 69300
[2025-06-12 16:50:31] INFO [MainThread] C:\backs\others\test_dbs\app1\views.py changed, reloading.
[2025-06-12 16:50:33] INFO [MainThread] Watching for file changes with StatReloader
[2025-06-12 16:50:41] INFO [MainThread] C:\backs\others\test_dbs\app1\views.py changed, reloading.
[2025-06-12 16:50:42] INFO [MainThread] Watching for file changes with StatReloader
[2025-06-12 16:51:07] ERROR [Thread-1 (process_request_thread)] Internal Server Error: /
Traceback (most recent call last):
  File "C:\Users\skh\Envs\venv\lib\site-packages\django\core\handlers\exception.py", line 55, in inner
    response = get_response(request)
  File "C:\Users\skh\Envs\venv\lib\site-packages\django\core\handlers\base.py", line 197, in _get_response
    response = wrapped_callback(request, *callback_args, **callback_kwargs)
  File "C:\backs\others\test_dbs\app1\views.py", line 138, in benchmark_results_view
    logger.info(f"response received, dbs results: {len(response['results'])}")
  File "C:\Users\skh\Envs\venv\lib\site-packages\django\http\response.py", line 200, in __getitem__
    return self.headers[header]
  File "C:\Users\skh\Envs\venv\lib\site-packages\django\utils\datastructures.py", line 308, in __getitem__
    return self._store[key.lower()][1]
KeyError: 'results'
[2025-06-12 16:51:07] ERROR [Thread-1 (process_request_thread)] "GET / HTTP/1.1" 500 76661
[2025-06-12 16:52:20] INFO [MainThread] C:\backs\others\test_dbs\app1\views.py changed, reloading.
[2025-06-12 16:52:22] INFO [MainThread] Watching for file changes with StatReloader
[2025-06-12 16:52:46] INFO [MainThread] C:\backs\others\test_dbs\app1\views.py changed, reloading.
[2025-06-12 16:52:47] INFO [MainThread] Watching for file changes with StatReloader
[2025-06-12 16:53:05] INFO [Thread-1 (process_request_thread)] "GET / HTTP/1.1" 200 8990
[2025-06-12 16:53:44] INFO [MainThread] C:\backs\others\test_dbs\app1\views.py changed, reloading.
[2025-06-12 16:53:46] INFO [MainThread] Watching for file changes with StatReloader
[2025-06-12 16:54:09] ERROR [Thread-1 (process_request_thread)] Internal Server Error: /
Traceback (most recent call last):
  File "C:\Users\skh\Envs\venv\lib\site-packages\django\core\handlers\exception.py", line 55, in inner
    response = get_response(request)
  File "C:\Users\skh\Envs\venv\lib\site-packages\django\core\handlers\base.py", line 204, in _get_response
    self.check_response(response, callback)
  File "C:\Users\skh\Envs\venv\lib\site-packages\django\core\handlers\base.py", line 332, in check_response
    raise ValueError(
ValueError: The view app1.views.benchmark_results_view didn't return an HttpResponse object. It returned None instead.
[2025-06-12 16:54:09] ERROR [Thread-1 (process_request_thread)] "GET / HTTP/1.1" 500 70126
[2025-06-12 18:34:04] INFO [MainThread] C:\backs\others\test_dbs\app1\views.py changed, reloading.
[2025-06-12 18:34:07] INFO [MainThread] Watching for file changes with StatReloader
[2025-06-12 18:34:23] INFO [Thread-1 (process_request_thread)] "GET / HTTP/1.1" 200 15957
[2025-06-12 18:36:07] INFO [MainThread] C:\backs\others\test_dbs\app1\methods.py changed, reloading.
[2025-06-12 18:36:09] INFO [MainThread] Watching for file changes with StatReloader
[2025-06-12 18:36:23] INFO [Thread-1 (process_request_thread)] "GET / HTTP/1.1" 200 15957
[2025-06-12 18:36:47] INFO [MainThread] C:\backs\others\test_dbs\dbs_test\settings.py changed, reloading.
[2025-06-12 18:36:49] INFO [MainThread] Watching for file changes with StatReloader
[2025-06-12 18:38:18] INFO [Thread-1 (process_request_thread)] "GET / HTTP/1.1" 200 18259
[2025-06-12 19:08:09] INFO [MainThread] C:\backs\others\test_dbs\setup_tables.py changed, reloading.
[2025-06-12 19:08:11] INFO [MainThread] Watching for file changes with StatReloader
[2025-06-13 05:59:37] INFO [MainThread] C:\backs\others\test_dbs\dbs_test\settings.py changed, reloading.
[2025-06-13 05:59:40] INFO [MainThread] Watching for file changes with StatReloader
[2025-06-13 06:08:38] INFO [Thread-1 (process_request_thread)] "GET / HTTP/1.1" 200 18268
[2025-06-13 09:55:15] INFO [MainThread] C:\backs\others\test_dbs\app1\database_operations.py changed, reloading.
[2025-06-13 09:55:18] INFO [MainThread] Watching for file changes with StatReloader
[2025-06-13 10:04:57] INFO [MainThread] C:\backs\others\test_dbs\dbs_test\settings.py changed, reloading.
[2025-06-13 10:04:59] INFO [MainThread] Watching for file changes with StatReloader
[2025-06-13 10:06:14] INFO [Thread-1 (process_request_thread)] "GET / HTTP/1.1" 200 18262
[2025-06-13 10:19:12] INFO [MainThread] C:\backs\others\test_dbs\dbs_test\settings.py changed, reloading.
[2025-06-13 10:19:15] INFO [MainThread] Watching for file changes with StatReloader
[2025-06-13 10:24:34] INFO [Thread-1 (process_request_thread)] "GET / HTTP/1.1" 200 20559
[2025-06-13 10:25:18] INFO [MainThread] C:\backs\others\test_dbs\dbs_test\settings.py changed, reloading.
[2025-06-13 10:25:20] INFO [MainThread] Watching for file changes with StatReloader
[2025-06-13 06:56:41] INFO [MainThread] Watching for file changes with StatReloader
[2025-06-13 06:57:39] INFO [MainThread] Watching for file changes with StatReloader
[2025-06-13 07:01:58] INFO [MainThread] Watching for file changes with StatReloader
[2025-06-13 07:07:19] INFO [MainThread] Watching for file changes with StatReloader
[2025-06-13 07:10:12] INFO [MainThread] /mnt/c/backs/others/test_dbs/app1/migrations/0001_initial.py changed, reloading.
[2025-06-13 07:10:14] INFO [MainThread] Watching for file changes with StatReloader
[2025-06-13 07:10:19] INFO [MainThread] Watching for file changes with StatReloader
[2025-06-13 07:12:07] INFO [Thread-1 (process_request_thread)] "GET / HTTP/1.1" 200 18256
[2025-06-13 11:58:28] INFO [Thread-2 (process_request_thread)] "GET / HTTP/1.1" 200 18256
[2025-06-13 12:07:06] INFO [MainThread] /mnt/c/backs/others/test_dbs/app1/database_operations.py changed, reloading.
[2025-06-13 12:07:09] INFO [MainThread] Watching for file changes with StatReloader
[2025-06-13 12:08:49] INFO [Thread-1 (process_request_thread)] "GET / HTTP/1.1" 200 18255
[2025-06-13 12:19:41] WARNING [Thread-2 (process_request_thread)] Not Found: /favicon.ico
[2025-06-13 12:19:41] WARNING [Thread-2 (process_request_thread)] "GET /favicon.ico HTTP/1.1" 404 2590
[2025-06-13 12:35:20] INFO [MainThread] /mnt/c/backs/others/test_dbs/app1/database_operations.py changed, reloading.
[2025-06-13 12:35:23] INFO [MainThread] Watching for file changes with StatReloader
[2025-06-13 12:35:58] INFO [Thread-1 (process_request_thread)] "GET / HTTP/1.1" 200 18256
[2025-06-13 12:52:38] INFO [MainThread] /mnt/c/backs/others/test_dbs/dbs_test/settings.py changed, reloading.
[2025-06-13 12:52:43] INFO [MainThread] Watching for file changes with StatReloader
[2025-06-13 13:04:18] INFO [MainThread] Watching for file changes with StatReloader
[2025-06-13 13:04:31] INFO [Thread-1 (process_request_thread)] "GET /remove_tables HTTP/1.1" 301 0
[2025-06-13 13:04:31] ERROR [Thread-1 (process_request_thread)] Internal Server Error: /remove_tables/
Traceback (most recent call last):
  File "/home/akh/.virtualenvs/venv/lib/python3.12/site-packages/django/core/handlers/exception.py", line 47, in inner
    response = get_response(request)
               ^^^^^^^^^^^^^^^^^^^^^
  File "/home/akh/.virtualenvs/venv/lib/python3.12/site-packages/django/core/handlers/base.py", line 181, in _get_response
    response = wrapped_callback(request, *callback_args, **callback_kwargs)
               ^^^^^^^^^^^^^^^^^^^^^^^^^^^^^^^^^^^^^^^^^^^^^^^^^^^^^^^^^^^^
TypeError: remove_tables() takes 0 positional arguments but 1 was given
[2025-06-13 13:04:31] ERROR [Thread-1 (process_request_thread)] "GET /remove_tables/ HTTP/1.1" 500 65264
[2025-06-13 13:04:49] INFO [MainThread] /mnt/c/backs/others/test_dbs/app1/views.py changed, reloading.
[2025-06-13 13:04:51] INFO [MainThread] Watching for file changes with StatReloader
[2025-06-13 13:05:05] INFO [MainThread] /mnt/c/backs/others/test_dbs/app1/views.py changed, reloading.
[2025-06-13 13:05:05] INFO [MainThread] Watching for file changes with StatReloader
[2025-06-13 13:05:09] INFO [MainThread] /mnt/c/backs/others/test_dbs/app1/views.py changed, reloading.
[2025-06-13 13:05:10] INFO [MainThread] Watching for file changes with StatReloader
[2025-06-13 13:05:39] ERROR [Thread-1 (process_request_thread)] Internal Server Error: /remove_tables/
Traceback (most recent call last):
  File "/home/akh/.virtualenvs/venv/lib/python3.12/site-packages/django/core/handlers/exception.py", line 47, in inner
    response = get_response(request)
               ^^^^^^^^^^^^^^^^^^^^^
  File "/home/akh/.virtualenvs/venv/lib/python3.12/site-packages/django/core/handlers/base.py", line 181, in _get_response
    response = wrapped_callback(request, *callback_args, **callback_kwargs)
               ^^^^^^^^^^^^^^^^^^^^^^^^^^^^^^^^^^^^^^^^^^^^^^^^^^^^^^^^^^^^
  File "/mnt/c/backs/others/test_dbs/app1/views.py", line 152, in remove_tables
    return HttpResponse("ok")
           ^^^^^^^^^^^^
NameError: name 'HttpResponse' is not defined. Did you mean: 'JsonResponse'?
[2025-06-13 13:05:39] ERROR [Thread-1 (process_request_thread)] "GET /remove_tables/ HTTP/1.1" 500 68031
[2025-06-13 13:06:40] INFO [MainThread] /mnt/c/backs/others/test_dbs/app1/views.py changed, reloading.
[2025-06-13 13:06:43] INFO [MainThread] Watching for file changes with StatReloader
[2025-06-13 13:08:37] INFO [MainThread] /mnt/c/backs/others/test_dbs/app1/methods.py changed, reloading.
[2025-06-13 13:08:39] INFO [MainThread] Watching for file changes with StatReloader
[2025-06-13 13:08:47] INFO [Thread-1 (process_request_thread)] "GET /admin/web/profitlose/ HTTP/1.1" 302 0
[2025-06-13 13:08:47] INFO [Thread-1 (process_request_thread)] "GET /admin/login/?next=/admin/web/profitlose/ HTTP/1.1" 200 2244
[2025-06-13 13:08:47] INFO [Thread-2 (process_request_thread)] "GET /static/admin/css/nav_sidebar.css HTTP/1.1" 200 2271
[2025-06-13 13:08:47] INFO [Thread-1 (process_request_thread)] "GET /static/admin/css/login.css HTTP/1.1" 200 939
[2025-06-13 13:08:47] INFO [Thread-3 (process_request_thread)] "GET /static/admin/css/base.css HTTP/1.1" 200 19513
[2025-06-13 13:08:47] INFO [Thread-4 (process_request_thread)] "GET /static/admin/css/responsive.css HTTP/1.1" 200 18545
[2025-06-13 13:08:47] INFO [Thread-4 (process_request_thread)] "GET /static/admin/css/fonts.css HTTP/1.1" 200 423
[2025-06-13 13:08:47] INFO [Thread-3 (process_request_thread)] "GET /static/admin/js/nav_sidebar.js HTTP/1.1" 200 1360
[2025-06-13 13:08:47] INFO [Thread-4 (process_request_thread)] "GET /static/admin/fonts/Roboto-Light-webfont.woff HTTP/1.1" 200 85692
[2025-06-13 13:08:47] INFO [Thread-3 (process_request_thread)] "GET /static/admin/fonts/Roboto-Regular-webfont.woff HTTP/1.1" 200 85876
[2025-06-13 13:08:55] INFO [Thread-4 (process_request_thread)] "GET /remove_tables/ HTTP/1.1" 200 2
[2025-06-13 13:09:11] INFO [Thread-5 (process_request_thread)] "POST /admin/login/?next=/admin/web/profitlose/ HTTP/1.1" 302 0
[2025-06-13 13:09:11] WARNING [Thread-5 (process_request_thread)] Not Found: /admin/web/profitlose/
[2025-06-13 13:09:11] WARNING [Thread-5 (process_request_thread)] "GET /admin/web/profitlose/ HTTP/1.1" 404 4513
[2025-06-13 13:09:15] INFO [Thread-5 (process_request_thread)] "GET /admin/ HTTP/1.1" 200 3963
[2025-06-13 13:09:15] INFO [Thread-5 (process_request_thread)] "GET /static/admin/css/dashboard.css HTTP/1.1" 200 380
[2025-06-13 13:09:15] INFO [Thread-5 (process_request_thread)] "GET /static/admin/img/icon-addlink.svg HTTP/1.1" 200 331
[2025-06-13 13:09:15] INFO [Thread-6 (process_request_thread)] "GET /static/admin/img/icon-changelink.svg HTTP/1.1" 200 380
[2025-06-13 13:09:15] INFO [Thread-6 (process_request_thread)] "GET /static/admin/fonts/Roboto-Bold-webfont.woff HTTP/1.1" 200 86184
[2025-06-13 13:09:17] ERROR [Thread-5 (process_request_thread)] Internal Server Error: /admin/app1/product/
Traceback (most recent call last):
  File "/home/akh/.virtualenvs/venv/lib/python3.12/site-packages/django/db/backends/utils.py", line 84, in _execute
    return self.cursor.execute(sql, params)
           ^^^^^^^^^^^^^^^^^^^^^^^^^^^^^^^^
psycopg2.errors.UndefinedTable: relation "products" does not exist
LINE 1: SELECT COUNT(*) AS "__count" FROM "products"
                                          ^


The above exception was the direct cause of the following exception:

Traceback (most recent call last):
  File "/home/akh/.virtualenvs/venv/lib/python3.12/site-packages/django/core/handlers/exception.py", line 47, in inner
    response = get_response(request)
               ^^^^^^^^^^^^^^^^^^^^^
  File "/home/akh/.virtualenvs/venv/lib/python3.12/site-packages/django/core/handlers/base.py", line 181, in _get_response
    response = wrapped_callback(request, *callback_args, **callback_kwargs)
               ^^^^^^^^^^^^^^^^^^^^^^^^^^^^^^^^^^^^^^^^^^^^^^^^^^^^^^^^^^^^
  File "/home/akh/.virtualenvs/venv/lib/python3.12/site-packages/django/contrib/admin/options.py", line 616, in wrapper
    return self.admin_site.admin_view(view)(*args, **kwargs)
           ^^^^^^^^^^^^^^^^^^^^^^^^^^^^^^^^^^^^^^^^^^^^^^^^^
  File "/home/akh/.virtualenvs/venv/lib/python3.12/site-packages/django/utils/decorators.py", line 130, in _wrapped_view
    response = view_func(request, *args, **kwargs)
               ^^^^^^^^^^^^^^^^^^^^^^^^^^^^^^^^^^^
  File "/home/akh/.virtualenvs/venv/lib/python3.12/site-packages/django/views/decorators/cache.py", line 44, in _wrapped_view_func
    response = view_func(request, *args, **kwargs)
               ^^^^^^^^^^^^^^^^^^^^^^^^^^^^^^^^^^^
  File "/home/akh/.virtualenvs/venv/lib/python3.12/site-packages/django/contrib/admin/sites.py", line 232, in inner
    return view(request, *args, **kwargs)
           ^^^^^^^^^^^^^^^^^^^^^^^^^^^^^^
  File "/home/akh/.virtualenvs/venv/lib/python3.12/site-packages/django/utils/decorators.py", line 43, in _wrapper
    return bound_method(*args, **kwargs)
           ^^^^^^^^^^^^^^^^^^^^^^^^^^^^^
  File "/home/akh/.virtualenvs/venv/lib/python3.12/site-packages/django/utils/decorators.py", line 130, in _wrapped_view
    response = view_func(request, *args, **kwargs)
               ^^^^^^^^^^^^^^^^^^^^^^^^^^^^^^^^^^^
  File "/home/akh/.virtualenvs/venv/lib/python3.12/site-packages/django/contrib/admin/options.py", line 1697, in changelist_view
    cl = self.get_changelist_instance(request)
         ^^^^^^^^^^^^^^^^^^^^^^^^^^^^^^^^^^^^^
  File "/home/akh/.virtualenvs/venv/lib/python3.12/site-packages/django/contrib/admin/options.py", line 736, in get_changelist_instance
    return ChangeList(
           ^^^^^^^^^^^
  File "/home/akh/.virtualenvs/venv/lib/python3.12/site-packages/django/contrib/admin/views/main.py", line 100, in __init__
    self.get_results(request)
  File "/home/akh/.virtualenvs/venv/lib/python3.12/site-packages/django/contrib/admin/views/main.py", line 235, in get_results
    result_count = paginator.count
                   ^^^^^^^^^^^^^^^
  File "/home/akh/.virtualenvs/venv/lib/python3.12/site-packages/django/utils/functional.py", line 48, in __get__
    res = instance.__dict__[self.name] = self.func(instance)
                                         ^^^^^^^^^^^^^^^^^^^
  File "/home/akh/.virtualenvs/venv/lib/python3.12/site-packages/django/core/paginator.py", line 97, in count
    return c()
           ^^^
  File "/home/akh/.virtualenvs/venv/lib/python3.12/site-packages/django/db/models/query.py", line 412, in count
    return self.query.get_count(using=self.db)
           ^^^^^^^^^^^^^^^^^^^^^^^^^^^^^^^^^^^
  File "/home/akh/.virtualenvs/venv/lib/python3.12/site-packages/django/db/models/sql/query.py", line 528, in get_count
    number = obj.get_aggregation(using, ['__count'])['__count']
             ^^^^^^^^^^^^^^^^^^^^^^^^^^^^^^^^^^^^^^^
  File "/home/akh/.virtualenvs/venv/lib/python3.12/site-packages/django/db/models/sql/query.py", line 513, in get_aggregation
    result = compiler.execute_sql(SINGLE)
             ^^^^^^^^^^^^^^^^^^^^^^^^^^^^
  File "/home/akh/.virtualenvs/venv/lib/python3.12/site-packages/django/db/models/sql/compiler.py", line 1175, in execute_sql
    cursor.execute(sql, params)
  File "/home/akh/.virtualenvs/venv/lib/python3.12/site-packages/django/db/backends/utils.py", line 98, in execute
    return super().execute(sql, params)
           ^^^^^^^^^^^^^^^^^^^^^^^^^^^^
  File "/home/akh/.virtualenvs/venv/lib/python3.12/site-packages/django/db/backends/utils.py", line 66, in execute
    return self._execute_with_wrappers(sql, params, many=False, executor=self._execute)
           ^^^^^^^^^^^^^^^^^^^^^^^^^^^^^^^^^^^^^^^^^^^^^^^^^^^^^^^^^^^^^^^^^^^^^^^^^^^^
  File "/home/akh/.virtualenvs/venv/lib/python3.12/site-packages/django/db/backends/utils.py", line 75, in _execute_with_wrappers
    return executor(sql, params, many, context)
           ^^^^^^^^^^^^^^^^^^^^^^^^^^^^^^^^^^^^
  File "/home/akh/.virtualenvs/venv/lib/python3.12/site-packages/django/db/backends/utils.py", line 79, in _execute
    with self.db.wrap_database_errors:
  File "/home/akh/.virtualenvs/venv/lib/python3.12/site-packages/django/db/utils.py", line 90, in __exit__
    raise dj_exc_value.with_traceback(traceback) from exc_value
  File "/home/akh/.virtualenvs/venv/lib/python3.12/site-packages/django/db/backends/utils.py", line 84, in _execute
    return self.cursor.execute(sql, params)
           ^^^^^^^^^^^^^^^^^^^^^^^^^^^^^^^^
django.db.utils.ProgrammingError: relation "products" does not exist
LINE 1: SELECT COUNT(*) AS "__count" FROM "products"
                                          ^

[2025-06-13 13:09:17] ERROR [Thread-5 (process_request_thread)] "GET /admin/app1/product/ HTTP/1.1" 500 175368
[2025-06-13 13:10:18] INFO [MainThread] Watching for file changes with StatReloader
[2025-06-13 13:10:23] INFO [Thread-1 (process_request_thread)] "GET /admin HTTP/1.1" 301 0
[2025-06-13 13:10:23] INFO [Thread-1 (process_request_thread)] "GET /admin/ HTTP/1.1" 200 3963
[2025-06-13 13:10:25] ERROR [Thread-1 (process_request_thread)] Internal Server Error: /admin/app1/product/
Traceback (most recent call last):
  File "/home/akh/.virtualenvs/venv/lib/python3.12/site-packages/django/db/backends/utils.py", line 84, in _execute
    return self.cursor.execute(sql, params)
           ^^^^^^^^^^^^^^^^^^^^^^^^^^^^^^^^
psycopg2.errors.UndefinedTable: relation "products" does not exist
LINE 1: SELECT COUNT(*) AS "__count" FROM "products"
                                          ^


The above exception was the direct cause of the following exception:

Traceback (most recent call last):
  File "/home/akh/.virtualenvs/venv/lib/python3.12/site-packages/django/core/handlers/exception.py", line 47, in inner
    response = get_response(request)
               ^^^^^^^^^^^^^^^^^^^^^
  File "/home/akh/.virtualenvs/venv/lib/python3.12/site-packages/django/core/handlers/base.py", line 181, in _get_response
    response = wrapped_callback(request, *callback_args, **callback_kwargs)
               ^^^^^^^^^^^^^^^^^^^^^^^^^^^^^^^^^^^^^^^^^^^^^^^^^^^^^^^^^^^^
  File "/home/akh/.virtualenvs/venv/lib/python3.12/site-packages/django/contrib/admin/options.py", line 616, in wrapper
    return self.admin_site.admin_view(view)(*args, **kwargs)
           ^^^^^^^^^^^^^^^^^^^^^^^^^^^^^^^^^^^^^^^^^^^^^^^^^
  File "/home/akh/.virtualenvs/venv/lib/python3.12/site-packages/django/utils/decorators.py", line 130, in _wrapped_view
    response = view_func(request, *args, **kwargs)
               ^^^^^^^^^^^^^^^^^^^^^^^^^^^^^^^^^^^
  File "/home/akh/.virtualenvs/venv/lib/python3.12/site-packages/django/views/decorators/cache.py", line 44, in _wrapped_view_func
    response = view_func(request, *args, **kwargs)
               ^^^^^^^^^^^^^^^^^^^^^^^^^^^^^^^^^^^
  File "/home/akh/.virtualenvs/venv/lib/python3.12/site-packages/django/contrib/admin/sites.py", line 232, in inner
    return view(request, *args, **kwargs)
           ^^^^^^^^^^^^^^^^^^^^^^^^^^^^^^
  File "/home/akh/.virtualenvs/venv/lib/python3.12/site-packages/django/utils/decorators.py", line 43, in _wrapper
    return bound_method(*args, **kwargs)
           ^^^^^^^^^^^^^^^^^^^^^^^^^^^^^
  File "/home/akh/.virtualenvs/venv/lib/python3.12/site-packages/django/utils/decorators.py", line 130, in _wrapped_view
    response = view_func(request, *args, **kwargs)
               ^^^^^^^^^^^^^^^^^^^^^^^^^^^^^^^^^^^
  File "/home/akh/.virtualenvs/venv/lib/python3.12/site-packages/django/contrib/admin/options.py", line 1697, in changelist_view
    cl = self.get_changelist_instance(request)
         ^^^^^^^^^^^^^^^^^^^^^^^^^^^^^^^^^^^^^
  File "/home/akh/.virtualenvs/venv/lib/python3.12/site-packages/django/contrib/admin/options.py", line 736, in get_changelist_instance
    return ChangeList(
           ^^^^^^^^^^^
  File "/home/akh/.virtualenvs/venv/lib/python3.12/site-packages/django/contrib/admin/views/main.py", line 100, in __init__
    self.get_results(request)
  File "/home/akh/.virtualenvs/venv/lib/python3.12/site-packages/django/contrib/admin/views/main.py", line 235, in get_results
    result_count = paginator.count
                   ^^^^^^^^^^^^^^^
  File "/home/akh/.virtualenvs/venv/lib/python3.12/site-packages/django/utils/functional.py", line 48, in __get__
    res = instance.__dict__[self.name] = self.func(instance)
                                         ^^^^^^^^^^^^^^^^^^^
  File "/home/akh/.virtualenvs/venv/lib/python3.12/site-packages/django/core/paginator.py", line 97, in count
    return c()
           ^^^
  File "/home/akh/.virtualenvs/venv/lib/python3.12/site-packages/django/db/models/query.py", line 412, in count
    return self.query.get_count(using=self.db)
           ^^^^^^^^^^^^^^^^^^^^^^^^^^^^^^^^^^^
  File "/home/akh/.virtualenvs/venv/lib/python3.12/site-packages/django/db/models/sql/query.py", line 528, in get_count
    number = obj.get_aggregation(using, ['__count'])['__count']
             ^^^^^^^^^^^^^^^^^^^^^^^^^^^^^^^^^^^^^^^
  File "/home/akh/.virtualenvs/venv/lib/python3.12/site-packages/django/db/models/sql/query.py", line 513, in get_aggregation
    result = compiler.execute_sql(SINGLE)
             ^^^^^^^^^^^^^^^^^^^^^^^^^^^^
  File "/home/akh/.virtualenvs/venv/lib/python3.12/site-packages/django/db/models/sql/compiler.py", line 1175, in execute_sql
    cursor.execute(sql, params)
  File "/home/akh/.virtualenvs/venv/lib/python3.12/site-packages/django/db/backends/utils.py", line 98, in execute
    return super().execute(sql, params)
           ^^^^^^^^^^^^^^^^^^^^^^^^^^^^
  File "/home/akh/.virtualenvs/venv/lib/python3.12/site-packages/django/db/backends/utils.py", line 66, in execute
    return self._execute_with_wrappers(sql, params, many=False, executor=self._execute)
           ^^^^^^^^^^^^^^^^^^^^^^^^^^^^^^^^^^^^^^^^^^^^^^^^^^^^^^^^^^^^^^^^^^^^^^^^^^^^
  File "/home/akh/.virtualenvs/venv/lib/python3.12/site-packages/django/db/backends/utils.py", line 75, in _execute_with_wrappers
    return executor(sql, params, many, context)
           ^^^^^^^^^^^^^^^^^^^^^^^^^^^^^^^^^^^^
  File "/home/akh/.virtualenvs/venv/lib/python3.12/site-packages/django/db/backends/utils.py", line 79, in _execute
    with self.db.wrap_database_errors:
  File "/home/akh/.virtualenvs/venv/lib/python3.12/site-packages/django/db/utils.py", line 90, in __exit__
    raise dj_exc_value.with_traceback(traceback) from exc_value
  File "/home/akh/.virtualenvs/venv/lib/python3.12/site-packages/django/db/backends/utils.py", line 84, in _execute
    return self.cursor.execute(sql, params)
           ^^^^^^^^^^^^^^^^^^^^^^^^^^^^^^^^
django.db.utils.ProgrammingError: relation "products" does not exist
LINE 1: SELECT COUNT(*) AS "__count" FROM "products"
                                          ^

[2025-06-13 13:10:25] ERROR [Thread-1 (process_request_thread)] "GET /admin/app1/product/ HTTP/1.1" 500 175361
[2025-06-13 13:20:25] INFO [MainThread] Watching for file changes with StatReloader
[2025-06-13 13:20:31] INFO [Thread-1 (process_request_thread)] "GET /admin/app1/product/ HTTP/1.1" 200 4926
[2025-06-13 13:20:31] INFO [Thread-1 (process_request_thread)] "GET /static/admin/css/changelists.css HTTP/1.1" 200 6874
[2025-06-13 13:20:31] INFO [Thread-1 (process_request_thread)] "GET /static/admin/js/actions.js HTTP/1.1" 200 7867
[2025-06-13 13:20:31] INFO [Thread-4 (process_request_thread)] "GET /static/admin/js/jquery.init.js HTTP/1.1" 200 347
[2025-06-13 13:20:31] INFO [Thread-5 (process_request_thread)] "GET /static/admin/js/admin/RelatedObjectLookups.js HTTP/1.1" 200 5984
[2025-06-13 13:20:31] INFO [Thread-3 (process_request_thread)] "GET /static/admin/js/vendor/jquery/jquery.js HTTP/1.1" 200 287630
[2025-06-13 13:20:31] INFO [Thread-5 (process_request_thread)] "GET /static/admin/js/prepopulate.js HTTP/1.1" 200 1531
[2025-06-13 13:20:31] INFO [Thread-4 (process_request_thread)] "GET /static/admin/js/urlify.js HTTP/1.1" 200 7902
[2025-06-13 13:20:31] INFO [Thread-6 (process_request_thread)] "GET /static/admin/js/core.js HTTP/1.1" 200 5698
[2025-06-13 13:20:31] INFO [Thread-2 (process_request_thread)] "GET /admin/jsi18n/ HTTP/1.1" 200 3325
[2025-06-13 13:20:31] INFO [Thread-6 (process_request_thread)] "GET /static/admin/js/vendor/xregexp/xregexp.js HTTP/1.1" 200 232381
[2025-06-13 13:20:31] INFO [Thread-6 (process_request_thread)] "GET /static/admin/img/tooltag-add.svg HTTP/1.1" 200 331
[2025-06-13 13:20:33] INFO [Thread-7 (process_request_thread)] "GET /admin/app1/product/ HTTP/1.1" 200 4926
[2025-06-13 13:20:33] INFO [Thread-7 (process_request_thread)] "GET /admin/jsi18n/ HTTP/1.1" 200 3325
[2025-06-13 13:23:30] INFO [MainThread] /mnt/c/backs/others/test_dbs/app1/methods.py changed, reloading.
[2025-06-13 13:23:32] INFO [MainThread] Watching for file changes with StatReloader
[2025-06-13 13:30:44] INFO [MainThread] /mnt/c/backs/others/test_dbs/app1/methods.py changed, reloading.
[2025-06-13 13:30:47] INFO [MainThread] Watching for file changes with StatReloader
[2025-07-03 06:18:36] INFO [MainThread] Watching for file changes with StatReloader
[2025-07-03 06:19:16] INFO [MainThread] Watching for file changes with StatReloader
[2025-07-03 06:19:52] INFO [Thread-1 (process_request_thread)] "GET / HTTP/1.1" 200 8990
[2025-07-03 06:19:53] WARNING [Thread-2 (process_request_thread)] Not Found: /favicon.ico
[2025-07-03 06:19:53] WARNING [Thread-2 (process_request_thread)] "GET /favicon.ico HTTP/1.1" 404 2773
[2025-07-03 06:20:11] WARNING [Thread-3 (process_request_thread)] Method Not Allowed: /api/benchmark/
[2025-07-03 06:20:11] WARNING [Thread-3 (process_request_thread)] "POST /api/benchmark/ HTTP/1.1" 405 41
[2025-07-03 06:54:43] ERROR [Thread-4 (process_request_thread)] Service Unavailable: /api/benchmark/
[2025-07-03 06:54:43] ERROR [Thread-4 (process_request_thread)] "GET /api/benchmark/ HTTP/1.1" 503 5851
[2025-07-03 06:54:43] INFO [Thread-4 (process_request_thread)] "GET /static/rest_framework/css/bootstrap-tweaks.css HTTP/1.1" 200 3426
[2025-07-03 06:54:43] INFO [Thread-6 (process_request_thread)] "GET /static/rest_framework/css/prettify.css HTTP/1.1" 200 817
[2025-07-03 06:54:43] INFO [Thread-8 (process_request_thread)] "GET /static/rest_framework/css/default.css HTTP/1.1" 200 1152
[2025-07-03 06:54:43] INFO [Thread-9 (process_request_thread)] "GET /static/rest_framework/js/ajax-form.js HTTP/1.1" 200 3796
[2025-07-03 06:54:43] INFO [Thread-7 (process_request_thread)] "GET /static/rest_framework/css/bootstrap.min.css HTTP/1.1" 200 121457
[2025-07-03 06:54:43] INFO [Thread-5 (process_request_thread)] "GET /static/rest_framework/js/jquery-3.7.1.min.js HTTP/1.1" 200 87533
[2025-07-03 06:54:43] INFO [Thread-8 (process_request_thread)] "GET /static/rest_framework/js/default.js HTTP/1.1" 200 1268
[2025-07-03 06:54:43] INFO [Thread-9 (process_request_thread)] "GET /static/rest_framework/js/load-ajax-form.js HTTP/1.1" 200 59
[2025-07-03 06:54:43] INFO [Thread-6 (process_request_thread)] "GET /static/rest_framework/js/csrf.js HTTP/1.1" 200 1793
[2025-07-03 06:54:43] INFO [Thread-4 (process_request_thread)] "GET /static/rest_framework/js/prettify-min.js HTTP/1.1" 200 13632
[2025-07-03 06:54:43] INFO [Thread-5 (process_request_thread)] "GET /static/rest_framework/js/bootstrap.min.js HTTP/1.1" 200 39680
[2025-07-03 06:54:44] INFO [Thread-9 (process_request_thread)] "GET /static/rest_framework/img/grid.png HTTP/1.1" 200 1458
[2025-07-03 08:39:16] INFO [MainThread] Watching for file changes with StatReloader
[2025-07-03 08:39:29] INFO [Thread-3 (process_request_thread)] "GET / HTTP/1.1" 200 18255
[2025-07-03 08:41:58] INFO [MainThread] /mnt/c/backs/others/test_dbs/dbs_test/settings.py changed, reloading.
[2025-07-03 08:42:01] INFO [MainThread] Watching for file changes with StatReloader
[2025-07-03 08:42:13] INFO [MainThread] Watching for file changes with StatReloader
[2025-07-03 08:42:35] INFO [Thread-1 (process_request_thread)] "GET / HTTP/1.1" 200 18255
[2025-07-03 08:43:30] INFO [MainThread] /mnt/c/backs/others/test_dbs/dbs_test/settings.py changed, reloading.
[2025-07-03 08:43:31] INFO [MainThread] Watching for file changes with StatReloader
[2025-07-03 09:01:23] INFO [Thread-1 (process_request_thread)] "GET / HTTP/1.1" 200 18266
[2025-07-03 09:42:01] INFO [MainThread] /mnt/c/backs/others/test_dbs/dbs_test/settings.py changed, reloading.
[2025-07-03 09:42:05] INFO [MainThread] Watching for file changes with StatReloader
[2025-07-03 09:42:13] INFO [MainThread] /mnt/c/backs/others/test_dbs/dbs_test/settings.py changed, reloading.
[2025-07-03 09:42:14] INFO [MainThread] Watching for file changes with StatReloader
[2025-07-03 09:42:24] INFO [MainThread] Watching for file changes with StatReloader
[2025-07-03 09:42:42] INFO [Thread-1 (process_request_thread)] "GET / HTTP/1.1" 200 18255
[2025-07-04 11:15:42] INFO [MainThread] Watching for file changes with StatReloader
[2025-07-04 14:28:13] INFO [MainThread] Watching for file changes with StatReloader
[2025-07-04 14:28:27] WARNING [Thread-1 (process_request_thread)] Not Found: /favicon.ico
[2025-07-04 14:28:27] WARNING [Thread-1 (process_request_thread)] "GET /favicon.ico HTTP/1.1" 404 2773
[2025-07-04 14:28:38] INFO [Thread-2 (process_request_thread)] "GET / HTTP/1.1" 200 18255
[2025-07-04 14:30:56] INFO [MainThread] /mnt/c/backs/others/test_dbs/app1/views.py changed, reloading.
[2025-07-04 14:30:57] INFO [MainThread] Watching for file changes with StatReloader
[2025-07-04 14:31:26] INFO [MainThread] /mnt/c/backs/others/test_dbs/app1/views.py changed, reloading.
[2025-07-04 14:31:27] INFO [MainThread] Watching for file changes with StatReloader
[2025-07-04 14:31:38] INFO [Thread-1 (process_request_thread)] "GET / HTTP/1.1" 200 18255
[2025-07-04 14:32:38] INFO [MainThread] /mnt/c/backs/others/test_dbs/app1/views.py changed, reloading.
[2025-07-04 14:32:40] INFO [MainThread] Watching for file changes with StatReloader
[2025-07-04 14:35:41] INFO [MainThread] /mnt/c/backs/others/test_dbs/app1/views.py changed, reloading.
[2025-07-04 14:35:43] INFO [MainThread] Watching for file changes with StatReloader
[2025-07-04 14:35:50] INFO [MainThread] /mnt/c/backs/others/test_dbs/app1/views.py changed, reloading.
[2025-07-04 14:35:50] INFO [MainThread] Watching for file changes with StatReloader
[2025-07-04 14:36:14] INFO [MainThread] /mnt/c/backs/others/test_dbs/app1/urls.py changed, reloading.
[2025-07-04 14:36:16] INFO [MainThread] Watching for file changes with StatReloader
[2025-07-04 14:36:22] INFO [Thread-1 (process_request_thread)] "GET /pure HTTP/1.1" 200 10038
